2018-03-06 14:25:04 +0000 [MT] Initial pipeline context: <IDEDistributionProcessingPipelineContext: 0x7fc3c49f4250; archive(resolved)='<IDEArchive: 0x7fc3c49602a0>', distributionTask(resolved)='2', distributionMethod(resolved)='<IDEDistributionMethodAdHoc: 0x7fc3c25a2430>', team(resolved)='<IDEProvisioningBasicTeam 0x7fc3c26e57f0: teamID: NKW67GFDHM, teamName: (null)>'>
	Chain (11, self inclusive):
	<IDEDistributionProcessingPipelineContext: 0x7fc3c49f4250; archive = '<IDEArchive: 0x7fc3c49602a0>', distributionMethod='<IDEDistributionMethodAdHoc: 0x7fc3c25a2430>', team='<IDEProvisioningBasicTeam 0x7fc3c26e57f0: teamID: NKW67GFDHM, teamName: (null)>'>
	<IDEDistributionProcessingPipelineContext: 0x7fc3c49ee4b0; archive = '<IDEArchive: 0x7fc3c49602a0>', distributionMethod='<IDEDistributionMethodAdHoc: 0x7fc3c25a2430>', team='<IDEProvisioningBasicTeam 0x7fc3c26e57f0: teamID: NKW67GFDHM, teamName: (null)>'>
	<IDEDistributionContext: 0x7fc3c49e9ed0; archive = '<IDEArchive: 0x7fc3c49602a0>', distributionMethod='<IDEDistributionMethodAdHoc: 0x7fc3c25a2430>', team='<IDEProvisioningBasicTeam 0x7fc3c26e57f0: teamID: NKW67GFDHM, teamName: (null)>'>
	<IDEDistributionContext: 0x7fc3c26d4630; archive = '<IDEArchive: 0x7fc3c49602a0>', distributionMethod='<IDEDistributionMethodAdHoc: 0x7fc3c25a2430>', team='<IDEProvisioningBasicTeam 0x7fc3c26e57f0: teamID: NKW67GFDHM, teamName: (null)>'>
	<IDEDistributionContext: 0x7fc3c4c03380; archive = '<IDEArchive: 0x7fc3c49602a0>', distributionMethod='<IDEDistributionMethodAdHoc: 0x7fc3c25a2430>', team='<IDEProvisioningBasicTeam 0x7fc3c26e57f0: teamID: NKW67GFDHM, teamName: (null)>'>
	<IDEDistributionContext: 0x7fc3c26dfb10; archive = '<IDEArchive: 0x7fc3c49602a0>', distributionMethod='<IDEDistributionMethodAdHoc: 0x7fc3c25a2430>', team='<IDEProvisioningBasicTeam 0x7fc3c26e57f0: teamID: NKW67GFDHM, teamName: (null)>'>
	<IDEDistributionContext: 0x7fc3c49d2a90; archive = '<IDEArchive: 0x7fc3c49602a0>', distributionMethod='<IDEDistributionMethodAdHoc: 0x7fc3c25a2430>', team='<IDEProvisioningBasicTeam 0x7fc3c26e57f0: teamID: NKW67GFDHM, teamName: (null)>'>
	<IDEDistributionContext: 0x7fc3c4c09560; archive = '<IDEArchive: 0x7fc3c49602a0>', distributionMethod='<IDEDistributionMethodAdHoc: 0x7fc3c25a2430>', team='<IDEProvisioningBasicTeam 0x7fc3c26e57f0: teamID: NKW67GFDHM, teamName: (null)>'>
	<IDEDistributionContext: 0x7fc3c2706020; archive = '<IDEArchive: 0x7fc3c49602a0>', distributionMethod='<IDEDistributionMethodAdHoc: 0x7fc3c25a2430>', team='<IDEProvisioningBasicTeam 0x7fc3c26e57f0: teamID: NKW67GFDHM, teamName: (null)>'>
	<IDEDistributionContext: 0x7fc3c4965520; archive = '<IDEArchive: 0x7fc3c49602a0>', distributionMethod='<IDEDistributionMethodAdHoc: 0x7fc3c25a2430>', team='(null)'>
	<IDEDistributionContext: 0x7fc3c4960fa0; archive = '<IDEArchive: 0x7fc3c49602a0>', distributionMethod='(null)', team='(null)'>
</IDEDistributionProcessingPipelineContext: 0x7fc3c49f4250>
2018-03-06 14:25:04 +0000 [MT] Processing step: IDEDistributionCreateDestRootStep
2018-03-06 14:25:04 +0000 [MT] Processing step: IDEDistributionCopyItemStep
2018-03-06 14:25:04 +0000 [MT] Running /usr/bin/ditto '-V' '/Users/haifeng/Desktop/xcodebuild/TestProj/build/temp/20180306_2224/TestProj.xcarchive/Products/Applications/TestProj.app' '/var/folders/rj/k7nnqyqd5xz7_lh9s2dc9z4m0000gn/T/XcodeDistPipeline.Czr/Root/Payload/TestProj.app'
2018-03-06 14:25:04 +0000  >>> Copying /Users/haifeng/Desktop/xcodebuild/TestProj/build/temp/20180306_2224/TestProj.xcarchive/Products/Applications/TestProj.app 
2018-03-06 14:25:04 +0000  copying file ./_CodeSignature/CodeResources ... 
2018-03-06 14:25:04 +0000  5133 bytes for ./_CodeSignature/CodeResources
2018-03-06 14:25:04 +0000  copying file ./Base.lproj/Main.storyboardc/UIViewController-BYZ-38-t0r.nib ... 
2018-03-06 14:25:04 +0000  916 bytes for ./Base.lproj/Main.storyboardc/UIViewController-BYZ-38-t0r.nib
copying file ./Base.lproj/Main.storyboardc/BYZ-38-t0r-view-8bC-Xf-vdC.nib ... 
2018-03-06 14:25:04 +0000  1985 bytes for ./Base.lproj/Main.storyboardc/BYZ-38-t0r-view-8bC-Xf-vdC.nib
2018-03-06 14:25:04 +0000  copying file ./Base.lproj/Main.storyboardc/Info.plist ... 
2018-03-06 14:25:04 +0000  258 bytes for ./Base.lproj/Main.storyboardc/Info.plist
2018-03-06 14:25:04 +0000  copying file ./Base.lproj/LaunchScreen.storyboardc/01J-lp-oVM-view-Ze5-6b-2t3.nib ... 
2018-03-06 14:25:04 +0000  1987 bytes for ./Base.lproj/LaunchScreen.storyboardc/01J-lp-oVM-view-Ze5-6b-2t3.nib
copying file ./Base.lproj/LaunchScreen.storyboardc/UIViewController-01J-lp-oVM.nib ... 
2018-03-06 14:25:04 +0000  832 bytes for ./Base.lproj/LaunchScreen.storyboardc/UIViewController-01J-lp-oVM.nib
copying file ./Base.lproj/LaunchScreen.storyboardc/Info.plist ... 
2018-03-06 14:25:04 +0000  258 bytes for ./Base.lproj/LaunchScreen.storyboardc/Info.plist
2018-03-06 14:25:04 +0000  copying file ./archived-expanded-entitlements.xcent ... 
2018-03-06 14:25:04 +0000  380 bytes for ./archived-expanded-entitlements.xcent
copying file ./TestProj ... 
2018-03-06 14:25:04 +0000  242480 bytes for ./TestProj
2018-03-06 14:25:04 +0000  copying file ./embedded.mobileprovision ... 
2018-03-06 14:25:04 +0000  8332 bytes for ./embedded.mobileprovision
copying file ./Info.plist ... 
2018-03-06 14:25:04 +0000  1111 bytes for ./Info.plist
2018-03-06 14:25:04 +0000  copying file ./PkgInfo ... 
2018-03-06 14:25:04 +0000  8 bytes for ./PkgInfo
2018-03-06 14:25:04 +0000  2018-03-06 14:25:04 +0000  

2018-03-06 14:25:04 +0000  
2018-03-06 14:25:04 +0000 [MT] /usr/bin/ditto exited with 0
2018-03-06 14:25:04 +0000  2018-03-06 14:25:04 +0000  

2018-03-06 14:25:04 +0000 [MT] Processing step: IDEDistributionEmbedProfileStep
2018-03-06 14:25:04 +0000 [MT] Processing step: IDEDistributionAppThinningPlistStep
2018-03-06 14:25:04 +0000 [MT] Skipping step: IDEDistributionAppThinningPlistStep because it said so
2018-03-06 14:25:04 +0000 [MT] Processing step: IDEDistributionCompileBitcodeStep
2018-03-06 14:25:04 +0000 [MT] Skipping step: IDEDistributionCompileBitcodeStep because it said so
2018-03-06 14:25:04 +0000 [MT] Processing step: IDEDistributionCodeSlimmingStep
2018-03-06 14:25:04 +0000 [MT] Processing step: IDEDistributionCopyBCSymbolMapsStep
2018-03-06 14:25:04 +0000 [MT] Skipping step: IDEDistributionCopyBCSymbolMapsStep because it said so
2018-03-06 14:25:04 +0000 [MT] Processing step: IDEDistributionSymbolsStep
2018-03-06 14:25:04 +0000 [MT] Skipping step: IDEDistributionSymbolsStep because it said so
2018-03-06 14:25:04 +0000 [MT] Processing step: IDEDistributionAppThinningStep
2018-03-06 14:25:04 +0000 [MT] Skipping step: IDEDistributionAppThinningStep because it said so
2018-03-06 14:25:04 +0000 [MT] Processing step: IDEDistributionODRStep
2018-03-06 14:25:04 +0000 [MT] Processing step: IDEDistributionStripXattrsStep
2018-03-06 14:25:04 +0000 [MT] Running /usr/bin/xattr '-crs' '/var/folders/rj/k7nnqyqd5xz7_lh9s2dc9z4m0000gn/T/XcodeDistPipeline.Czr/Root/Payload/TestProj.app'
2018-03-06 14:25:04 +0000  2018-03-06 14:25:04 +0000  

2018-03-06 14:25:04 +0000 [MT] /usr/bin/xattr exited with 0
2018-03-06 14:25:04 +0000  
2018-03-06 14:25:04 +0000  
2018-03-06 14:25:04 +0000 [MT] Processing step: IDEDistributionCodesignStep
2018-03-06 14:25:04 +0000 [MT] Applying entitlements delta for <IDEDistributionItem: 0x7fc3c26d13a0 'com.coderhong.iflyMSC' '<DVTFilePath:0x7fc3c4960ae0:'/Users/haifeng/Desktop/xcodebuild/TestProj/build/temp/20180306_2224/TestProj.xcarchive/Products/Applications/TestProj.app'>'> from <IDEiCloudEntitlementsProcessor: 0x7fc3c49ec320>: {
}
2018-03-06 14:25:04 +0000 [MT] Entitlements for <IDEDistributionItem: 0x7fc3c26d13a0 'com.coderhong.iflyMSC' '<DVTFilePath:0x7fc3c4960ae0:'/Users/haifeng/Desktop/xcodebuild/TestProj/build/temp/20180306_2224/TestProj.xcarchive/Products/Applications/TestProj.app'>'>: {
    "application-identifier" = "NKW67GFDHM.com.coderhong.iflyMSC";
    "com.apple.developer.team-identifier" = NKW67GFDHM;
    "get-task-allow" = 0;
    "keychain-access-groups" =     (
        "NKW67GFDHM.com.coderhong.iflyMSC"
    );
}
2018-03-06 14:25:04 +0000 [MT] Writing entitlements for <IDEDistributionItem: 0x7fc3c26d13a0 'com.coderhong.iflyMSC' '<DVTFilePath:0x7fc3c4960ae0:'/Users/haifeng/Desktop/xcodebuild/TestProj/build/temp/20180306_2224/TestProj.xcarchive/Products/Applications/TestProj.app'>'> to: /var/folders/rj/k7nnqyqd5xz7_lh9s2dc9z4m0000gn/T/XcodeDistPipeline.Czr/entitlements0JVb8s
2018-03-06 14:25:04 +0000 [MT] Running /usr/bin/codesign '-vvv' '--force' '--sign' '24426B71FBFC7D008585ECECA3826E950E2572A1' '--preserve-metadata=identifier,flags' '--entitlements' '/var/folders/rj/k7nnqyqd5xz7_lh9s2dc9z4m0000gn/T/XcodeDistPipeline.Czr/entitlements0JVb8s' '/var/folders/rj/k7nnqyqd5xz7_lh9s2dc9z4m0000gn/T/XcodeDistPipeline.Czr/Root/Payload/TestProj.app'
2018-03-06 14:25:04 +0000  /var/folders/rj/k7nnqyqd5xz7_lh9s2dc9z4m0000gn/T/XcodeDistPipeline.Czr/Root/Payload/TestProj.app: signed app bundle with Mach-O universal (armv7 arm64) [com.coderhong.iflyMSC]
2018-03-06 14:25:04 +0000  
2018-03-06 14:25:04 +0000  
2018-03-06 14:25:04 +0000  
2018-03-06 14:25:04 +0000  
2018-03-06 14:25:04 +0000  
2018-03-06 14:25:04 +0000  
2018-03-06 14:25:04 +0000  
2018-03-06 14:25:04 +0000  
2018-03-06 14:25:04 +0000  
2018-03-06 14:25:04 +0000  
2018-03-06 14:25:04 +0000  
2018-03-06 14:25:04 +0000  
2018-03-06 14:25:04 +0000  2018-03-06 14:25:04 +0000 [MT] /usr/bin/codesign exited with 0
2018-03-06 14:25:04 +0000  

2018-03-06 14:25:04 +0000  
2018-03-06 14:25:04 +0000 [MT] Processing step: IDEDistributionStreamingZipItemStep
2018-03-06 14:25:04 +0000 [MT] Skipping step: IDEDistributionStreamingZipItemStep because it said so
2018-03-06 14:25:04 +0000 [MT] Processing step: IDEDistributionCreateIPAStep
2018-03-06 14:25:04 +0000 [MT] Running /usr/bin/ditto '-V' '-c' '-k' '--norsrc' '/var/folders/rj/k7nnqyqd5xz7_lh9s2dc9z4m0000gn/T/XcodeDistPipeline.Czr/Root' '/var/folders/rj/k7nnqyqd5xz7_lh9s2dc9z4m0000gn/T/XcodeDistPipeline.Czr/Packages/TestProj.ipa'
2018-03-06 14:25:04 +0000  >>> Copying /var/folders/rj/k7nnqyqd5xz7_lh9s2dc9z4m0000gn/T/XcodeDistPipeline.Czr/Root 
2018-03-06 14:25:04 +0000  copying file ./Payload/TestProj.app/_CodeSignature/CodeResources ... 
2018-03-06 14:25:04 +0000  5133 bytes for ./Payload/TestProj.app/_CodeSignature/CodeResources
2018-03-06 14:25:04 +0000  copying file ./Payload/TestProj.app/Base.lproj/Main.storyboardc/UIViewController-BYZ-38-t0r.nib ... 
2018-03-06 14:25:04 +0000  916 bytes for ./Payload/TestProj.app/Base.lproj/Main.storyboardc/UIViewController-BYZ-38-t0r.nib
copying file ./Payload/TestProj.app/Base.lproj/Main.storyboardc/BYZ-38-t0r-view-8bC-Xf-vdC.nib ... 
2018-03-06 14:25:04 +0000  1985 bytes for ./Payload/TestProj.app/Base.lproj/Main.storyboardc/BYZ-38-t0r-view-8bC-Xf-vdC.nib
copying file ./Payload/TestProj.app/Base.lproj/Main.storyboardc/Info.plist ... 
258 bytes for ./Payload/TestProj.app/Base.lproj/Main.storyboardc/Info.plist
2018-03-06 14:25:04 +0000  copying file ./Payload/TestProj.app/Base.lproj/LaunchScreen.storyboardc/01J-lp-oVM-view-Ze5-6b-2t3.nib ... 
2018-03-06 14:25:04 +0000  1987 bytes for ./Payload/TestProj.app/Base.lproj/LaunchScreen.storyboardc/01J-lp-oVM-view-Ze5-6b-2t3.nib
copying file ./Payload/TestProj.app/Base.lproj/LaunchScreen.storyboardc/UIViewController-01J-lp-oVM.nib ... 
2018-03-06 14:25:04 +0000  832 bytes for ./Payload/TestProj.app/Base.lproj/LaunchScreen.storyboardc/UIViewController-01J-lp-oVM.nib
copying file ./Payload/TestProj.app/Base.lproj/LaunchScreen.storyboardc/Info.plist ... 
258 bytes for ./Payload/TestProj.app/Base.lproj/LaunchScreen.storyboardc/Info.plist
copying file ./Payload/TestProj.app/archived-expanded-entitlements.xcent ... 
2018-03-06 14:25:04 +0000  380 bytes for ./Payload/TestProj.app/archived-expanded-entitlements.xcent
copying file ./Payload/TestProj.app/TestProj ... 
2018-03-06 14:25:04 +0000  143552 bytes for ./Payload/TestProj.app/TestProj
copying file ./Payload/TestProj.app/embedded.mobileprovision ... 
2018-03-06 14:25:04 +0000  8332 bytes for ./Payload/TestProj.app/embedded.mobileprovision
copying file ./Payload/TestProj.app/Info.plist ... 
2018-03-06 14:25:04 +0000  1111 bytes for ./Payload/TestProj.app/Info.plist
copying file ./Payload/TestProj.app/PkgInfo ... 
2018-03-06 14:25:04 +0000  8 bytes for ./Payload/TestProj.app/PkgInfo
2018-03-06 14:25:04 +0000  2018-03-06 14:25:04 +0000  

2018-03-06 14:25:04 +0000 [MT] /usr/bin/ditto exited with 02018-03-06 14:25:04 +0000  

2018-03-06 14:25:04 +0000  
2018-03-06 14:25:04 +0000 [MT] Processing step: IDEDistributionCreateManifestStep
